<?xml version="1.0" encoding="UTF-8"?>
<!-- Generated by org.testng.reporters.JUnitReportReporter -->
<testsuite hostname="LAPTOP-AFQPLSSL" failures="0" tests="2" name="Practice.saucedemo.tests.ErrorValidation" time="8.213" errors="0" timestamp="2024-07-27T18:28:28 IST" skipped="0">
  <testcase classname="Practice.saucedemo.tests.ErrorValidation" name="StandaloneTest" time="2.598"/>
  <system-out/>
  <testcase classname="Practice.saucedemo.tests.ErrorValidation" name="Productvalidation" time="5.615"/>
  <system-out/>
</testsuite> <!-- Practice.saucedemo.tests.ErrorValidation -->
