<?xml version="1.0" encoding="UTF-8"?>
<!-- Generated by org.testng.reporters.JUnitReportReporter -->
<testsuite hostname="LAPTOP-AFQPLSSL" failures="0" tests="2" name="Practice.saucedemo.tests.ErrorValidation" time="8.542" errors="0" timestamp="2024-08-04T15:55:11 IST" skipped="0">
  <testcase classname="Practice.saucedemo.tests.ErrorValidation" name="StandaloneTest" time="4.724"/>
  <system-out/>
  <testcase classname="Practice.saucedemo.tests.ErrorValidation" name="Productvalidation" time="3.818"/>
  <system-out/>
</testsuite> <!-- Practice.saucedemo.tests.ErrorValidation -->
